Arguments: 
  C:\Program Files\nodejs\node.exe C:\Users\Administrator\AppData\Roaming\npm\node_modules\yarn\bin\yarn.js start

PATH: 
  C:\Users\Administrator\bin;C:\Program Files\Git\mingw64\bin;C:\Program Files\Git\usr\local\bin;C:\Program Files\Git\usr\bin;C:\Program Files\Git\usr\bin;C:\Program Files\Git\mingw64\bin;C:\Program Files\Git\usr\bin;C:\Users\Administrator\bin;C:\ProgramData\Oracle\Java\javapath;C:\Program Files (x86)\Common Files\NetSarang;C:\Windows\system32;C:\Windows;C:\Windows\System32\Wbem;C:\Windows\System32\WindowsPowerShell\v1.0;C:\Users\Administrator\AppData\Roaming\nvm;C:\Program Files\nodejs;C:\Program Files\TortoiseSVN\bin;C:\cygwin64\bin;C:\Python27\Scripts; C;C:\Program Files\Git\Program Files\Java\jdk1.8.0_161\bin;C:\Program Files\Java\jdk1.8.0_161\jre\bin;C:\Program Files\nodejs;C:\Program Files\dotnet;C:\Program Files\Microsoft VS Code\bin;C:\Users\Administrator\AppData\Roaming\nvm;C:\Program Files\nodejs;C:\Program Files\Microsoft VS Code\bin;C:\Users\Administrator\AppData\Local\Android\Sdk\tools;C:\Users\Administrator\AppData\Local\Android\Sdk\platform-tools;C:\Users\Administrator\AppData\Roaming\npm;C:\Program Files\Git\usr\bin\vendor_perl;C:\Program Files\Git\usr\bin\core_perl

Yarn version: 
  1.5.1

Node version: 
  9.9.0

Platform: 
  win32 x64

npm manifest: 
  {
    "scripts": {
      "dev": "cross-env PORT=9090 umi dev",
      "dev:test": "cross-env PORT=9090 WATCH_FILES=none BROWSER=none CLEAR_CONSOLE=none COMPILE_ON_DEMAND=none COVERAGE=true umi dev",
      "test": "macaca run -d ./test --verbose",
      "serve": "npm run dev:test &",
      "ci": "npm run serve && npm test"
    },
    "dependencies": {
      "react-intl": "^2.4.0",
      "umi": "*",
      "umi-plugin-dva": "*",
      "umi-plugin-routes": "*"
    },
    "devDependencies": {
      "babel-plugin-istanbul": "^4.1.6",
      "babel-preset-es2015": "^6.24.1",
      "babel-preset-react": "^6.24.1",
      "babel-preset-stage-1": "^6.24.1",
      "chai": "^4.1.2",
      "cross-env": "^5.1.4",
      "macaca-cli": "^2.1.2",
      "macaca-datahub": "^1.0.50",
      "macaca-electron": "2",
      "macaca-wd": "*"
    }
  }

yarn manifest: 
  No manifest

Lockfile: 
  No lockfile

Trace: 
  Error: Command "start" not found.
      at new MessageError (C:\Users\Administrator\AppData\Roaming\npm\node_modules\yarn\lib\cli.js:186:110)
      at C:\Users\Administrator\AppData\Roaming\npm\node_modules\yarn\lib\cli.js:87307:17
      at Generator.next (<anonymous>)
      at step (C:\Users\Administrator\AppData\Roaming\npm\node_modules\yarn\lib\cli.js:98:30)
      at C:\Users\Administrator\AppData\Roaming\npm\node_modules\yarn\lib\cli.js:116:14
      at new Promise (<anonymous>)
      at new F (C:\Users\Administrator\AppData\Roaming\npm\node_modules\yarn\lib\cli.js:23451:28)
      at C:\Users\Administrator\AppData\Roaming\npm\node_modules\yarn\lib\cli.js:95:12
      at runCommand (C:\Users\Administrator\AppData\Roaming\npm\node_modules\yarn\lib\cli.js:87312:22)
      at Object.<anonymous> (C:\Users\Administrator\AppData\Roaming\npm\node_modules\yarn\lib\cli.js:87412:14)
